[DEBUG] 2021-02-27 20:41:58.411 [main] GenericDao - Searching for order with title = admin
[DEBUG] 2021-02-27 20:41:58.715 [main] GenericDao - Searching for order with title = m
[DEBUG] 2021-02-27 20:41:58.893 [main] RoleDaoTest - [Roles{id=9, title='Admin', userId=User{id=1, username='ctkrause', name='caleb', skills='javaEnt'}}, Roles{id=10, title='Superuser', userId=User{id=1, username='ctkrause', name='caleb', skills='javaEnt'}}, Roles{id=11, title='BasicUser', userId=User{id=1, username='ctkrause', name='caleb', skills='javaEnt'}}, Roles{id=12, title='BasicUser', userId=User{id=2, username='ctkrause', name='Caleb Krause', skills='Hibernate'}}, Roles{id=13, title='BasicUser', userId=User{id=3, username='lSamuel', name='Levi Krause', skills='Mechanic'}}, Roles{id=14, title='BasicUser', userId=User{id=4, username='iNathaniel', name='Isaiah Krause', skills='phlebotomist'}}, Roles{id=15, title='BasicUser', userId=User{id=5, username='nCarl', name='Nathan Krause', skills='preacher'}}, Roles{id=16, title='BasicUser', userId=User{id=6, username='sAnn', name='Sheryl Krause', skills='doctorOfNursing'}}]
[DEBUG] 2021-02-27 20:41:59.032 [main] RoleDaoTest - Roles{id=11, title='BasicUser', userId=User{id=1, username='ctkrause', name='caleb', skills='javaEnt'}}
[DEBUG] 2021-02-27 20:41:59.438 [main] GenericDao - Searching for order with name = Levi Krause
[DEBUG] 2021-02-27 20:41:59.520 [main] GenericDao - Searching for order with name = c
[DEBUG] 2021-02-27 20:41:59.789 [main] UserDaoTest - [User{id=1, username='ctkrause', name='caleb', skills='javaEnt'}, User{id=2, username='ctkrause', name='Caleb Krause', skills='Hibernate'}, User{id=3, username='lSamuel', name='Levi Krause', skills='Mechanic'}, User{id=4, username='iNathaniel', name='Isaiah Krause', skills='phlebotomist'}, User{id=5, username='nCarl', name='Nathan Krause', skills='preacher'}, User{id=6, username='sAnn', name='Sheryl Krause', skills='doctorOfNursing'}]
[DEBUG] 2021-02-27 20:49:33.279 [main] GenericDao - Searching for order with title = admin
[DEBUG] 2021-02-27 20:49:33.604 [main] GenericDao - Searching for order with title = m
[DEBUG] 2021-02-27 20:49:33.770 [main] RoleDaoTest - [Roles{id=9, title='Admin', userId=User{id=1, username='ctkrause', name='caleb', skills='javaEnt'}}, Roles{id=10, title='Superuser', userId=User{id=1, username='ctkrause', name='caleb', skills='javaEnt'}}, Roles{id=11, title='BasicUser', userId=User{id=1, username='ctkrause', name='caleb', skills='javaEnt'}}, Roles{id=12, title='BasicUser', userId=User{id=2, username='ctkrause', name='Caleb Krause', skills='Hibernate'}}, Roles{id=13, title='BasicUser', userId=User{id=3, username='lSamuel', name='Levi Krause', skills='Mechanic'}}, Roles{id=14, title='BasicUser', userId=User{id=4, username='iNathaniel', name='Isaiah Krause', skills='phlebotomist'}}, Roles{id=15, title='BasicUser', userId=User{id=5, username='nCarl', name='Nathan Krause', skills='preacher'}}, Roles{id=16, title='BasicUser', userId=User{id=6, username='sAnn', name='Sheryl Krause', skills='doctorOfNursing'}}]
[DEBUG] 2021-02-27 20:49:33.860 [main] RoleDaoTest - Roles{id=11, title='BasicUser', userId=User{id=1, username='ctkrause', name='caleb', skills='javaEnt'}}
[DEBUG] 2021-02-27 20:49:34.171 [main] GenericDao - Searching for order with name = Levi Krause
[DEBUG] 2021-02-27 20:49:34.232 [main] GenericDao - Searching for order with name = c
[DEBUG] 2021-02-27 20:49:34.492 [main] UserDaoTest - [User{id=1, username='ctkrause', name='caleb', skills='javaEnt'}, User{id=2, username='ctkrause', name='Caleb Krause', skills='Hibernate'}, User{id=3, username='lSamuel', name='Levi Krause', skills='Mechanic'}, User{id=4, username='iNathaniel', name='Isaiah Krause', skills='phlebotomist'}, User{id=5, username='nCarl', name='Nathan Krause', skills='preacher'}, User{id=6, username='sAnn', name='Sheryl Krause', skills='doctorOfNursing'}]
[DEBUG] 2021-02-27 20:57:27.179 [main] GenericDao - Searching for order with title = admin
[DEBUG] 2021-02-27 20:57:27.473 [main] GenericDao - Searching for order with title = m
[DEBUG] 2021-02-27 20:57:27.609 [main] RoleDaoTest - [Roles{id=9, title='Admin', userId=User{id=1, username='ctkrause', name='caleb', skills='javaEnt'}}, Roles{id=10, title='Superuser', userId=User{id=1, username='ctkrause', name='caleb', skills='javaEnt'}}, Roles{id=11, title='BasicUser', userId=User{id=1, username='ctkrause', name='caleb', skills='javaEnt'}}, Roles{id=12, title='BasicUser', userId=User{id=2, username='ctkrause', name='Caleb Krause', skills='Hibernate'}}, Roles{id=13, title='BasicUser', userId=User{id=3, username='lSamuel', name='Levi Krause', skills='Mechanic'}}, Roles{id=14, title='BasicUser', userId=User{id=4, username='iNathaniel', name='Isaiah Krause', skills='phlebotomist'}}, Roles{id=15, title='BasicUser', userId=User{id=5, username='nCarl', name='Nathan Krause', skills='preacher'}}, Roles{id=16, title='BasicUser', userId=User{id=6, username='sAnn', name='Sheryl Krause', skills='doctorOfNursing'}}]
[DEBUG] 2021-02-27 20:57:27.700 [main] RoleDaoTest - Roles{id=11, title='BasicUser', userId=User{id=1, username='ctkrause', name='caleb', skills='javaEnt'}}
[DEBUG] 2021-02-27 20:57:28.062 [main] GenericDao - Searching for order with name = Levi Krause
[DEBUG] 2021-02-27 20:57:28.124 [main] GenericDao - Searching for order with name = c
[DEBUG] 2021-02-27 20:57:28.364 [main] UserDaoTest - [User{id=1, username='ctkrause', name='caleb', skills='javaEnt'}, User{id=2, username='ctkrause', name='Caleb Krause', skills='Hibernate'}, User{id=3, username='lSamuel', name='Levi Krause', skills='Mechanic'}, User{id=4, username='iNathaniel', name='Isaiah Krause', skills='phlebotomist'}, User{id=5, username='nCarl', name='Nathan Krause', skills='preacher'}, User{id=6, username='sAnn', name='Sheryl Krause', skills='doctorOfNursing'}]
